0 info it worked if it ends with ok
1 verbose cli [ '/usr/bin/node', '/usr/bin/npm', 'i', 'dominos' ]
2 info using npm@3.5.2
3 info using node@v8.10.0
4 silly loadCurrentTree Starting
5 silly install loadCurrentTree
6 silly install readLocalPackageData
7 silly fetchPackageMetaData dominos
8 silly fetchNamedPackageData dominos
9 silly mapToRegistry name dominos
10 silly mapToRegistry using default registry
11 silly mapToRegistry registry https://registry.npmjs.org/
12 silly mapToRegistry uri https://registry.npmjs.org/dominos
13 verbose request uri https://registry.npmjs.org/dominos
14 verbose request no auth needed
15 info attempt registry request try #1 at 6:55:31 PM
16 verbose request id 2b5da2454d112379
17 http request GET https://registry.npmjs.org/dominos
18 http 200 https://registry.npmjs.org/dominos
19 verbose headers { date: 'Sat, 12 Dec 2020 18:55:32 GMT',
19 verbose headers   'content-type': 'application/json; charset=UTF-8',
19 verbose headers   'transfer-encoding': 'chunked',
19 verbose headers   connection: 'keep-alive',
19 verbose headers   'set-cookie':
19 verbose headers    [ '__cfduid=d5b05fdfeea629355302460022957bf2a1607799331; expires=Mon, 11-Jan-21 18:55:31 GMT; path=/; domain=.npmjs.org; HttpOnly; SameSite=Lax' ],
19 verbose headers   'cf-ray': '6009a8fe8d4734dd-DUB',
19 verbose headers   'cache-control': 'public, max-age=300',
19 verbose headers   etag: 'W/"206022a1d17ddea23457c58efa07e9b1"',
19 verbose headers   'last-modified': 'Sat, 26 May 2018 22:21:40 GMT',
19 verbose headers   vary: 'accept-encoding, accept',
19 verbose headers   'cf-cache-status': 'MISS',
19 verbose headers   'cf-request-id': '06f9e7f314000034dd64b6a000000001',
19 verbose headers   'expect-ct': 'max-age=604800, report-uri="https://report-uri.cloudflare.com/cdn-cgi/beacon/expect-ct"',
19 verbose headers   server: 'cloudflare',
19 verbose headers   'content-encoding': 'gzip' }
20 silly get cb [ 200,
20 silly get   { date: 'Sat, 12 Dec 2020 18:55:32 GMT',
20 silly get     'content-type': 'application/json; charset=UTF-8',
20 silly get     'transfer-encoding': 'chunked',
20 silly get     connection: 'keep-alive',
20 silly get     'set-cookie':
20 silly get      [ '__cfduid=d5b05fdfeea629355302460022957bf2a1607799331; expires=Mon, 11-Jan-21 18:55:31 GMT; path=/; domain=.npmjs.org; HttpOnly; SameSite=Lax' ],
20 silly get     'cf-ray': '6009a8fe8d4734dd-DUB',
20 silly get     'cache-control': 'public, max-age=300',
20 silly get     etag: 'W/"206022a1d17ddea23457c58efa07e9b1"',
20 silly get     'last-modified': 'Sat, 26 May 2018 22:21:40 GMT',
20 silly get     vary: 'accept-encoding, accept',
20 silly get     'cf-cache-status': 'MISS',
20 silly get     'cf-request-id': '06f9e7f314000034dd64b6a000000001',
20 silly get     'expect-ct': 'max-age=604800, report-uri="https://report-uri.cloudflare.com/cdn-cgi/beacon/expect-ct"',
20 silly get     server: 'cloudflare',
20 silly get     'content-encoding': 'gzip' } ]
21 verbose get saving dominos to /home/peewee/.npm/registry.npmjs.org/dominos/.cache.json
22 verbose makeDirectory /home/peewee/.npm creation not in flight; initializing
23 silly makeDirectory /home/peewee/.npm uid: 1000 gid: 1000
24 silly install normalizeTree
25 silly loadCurrentTree Finishing
26 silly loadIdealTree Starting
27 silly install loadIdealTree
28 silly cloneCurrentTree Starting
29 silly install cloneCurrentTreeToIdealTree
30 silly cloneCurrentTree Finishing
31 silly loadShrinkwrap Starting
32 silly install loadShrinkwrap
33 silly loadShrinkwrap Finishing
34 silly loadAllDepsIntoIdealTree Starting
35 silly install loadAllDepsIntoIdealTree
36 silly rollbackFailedOptional Starting
37 silly rollbackFailedOptional Finishing
38 silly runTopLevelLifecycles Starting
39 silly runTopLevelLifecycles Finishing
40 silly install printInstalled
41 verbose stack Error: Refusing to install dominos as a dependency of itself
41 verbose stack     at checkSelf (/usr/share/npm/lib/install/validate-args.js:40:14)
41 verbose stack     at Array.<anonymous> (/usr/share/npm/node_modules/slide/lib/bind-actor.js:15:8)
41 verbose stack     at LOOP (/usr/share/npm/node_modules/slide/lib/chain.js:15:14)
41 verbose stack     at chain (/usr/share/npm/node_modules/slide/lib/chain.js:20:5)
41 verbose stack     at /usr/share/npm/lib/install/validate-args.js:15:5
41 verbose stack     at /usr/share/npm/node_modules/slide/lib/async-map.js:52:35
41 verbose stack     at Array.forEach (<anonymous>)
41 verbose stack     at /usr/share/npm/node_modules/slide/lib/async-map.js:52:11
41 verbose stack     at Array.forEach (<anonymous>)
41 verbose stack     at asyncMap (/usr/share/npm/node_modules/slide/lib/async-map.js:51:8)
42 verbose cwd /mnt/c/dev/repos/node-dominos-pizza-api
43 error Linux 4.4.0-19041-Microsoft
44 error argv "/usr/bin/node" "/usr/bin/npm" "i" "dominos"
45 error node v8.10.0
46 error npm  v3.5.2
47 error code ENOSELF
48 error Refusing to install dominos as a dependency of itself
49 error If you need help, you may report this error at:
49 error     <https://github.com/npm/npm/issues>
50 verbose exit [ 1, true ]
